\BOOKMARK [1][-]{section.1}{\376\377\000I\000n\000t\000r\000o\000d\000u\000c\000t\000i\000o\000n}{}% 1
\BOOKMARK [1][-]{section.2}{\376\377\000P\000r\000o\000b\000l\000e\000m\000\040\000F\000o\000r\000m\000u\000l\000a\000t\000i\000o\000n}{}% 2
\BOOKMARK [2][-]{subsection.2.1}{\376\377\000D\000e\000c\000i\000s\000i\000o\000n\000\040\000S\000p\000a\000c\000e}{section.2}% 3
\BOOKMARK [2][-]{subsection.2.2}{\376\377\000O\000b\000j\000e\000c\000t\000i\000v\000e\000\040\000S\000p\000a\000c\000e}{section.2}% 4
\BOOKMARK [1][-]{section.3}{\376\377\000B\000a\000s\000e\000l\000i\000n\000e\000\040\000P\000L\000S}{}% 5
\BOOKMARK [2][-]{subsection.3.1}{\376\377\000N\000e\000i\000g\000h\000b\000o\000u\000r\000h\000o\000o\000d\000\040\000O\000p\000e\000r\000a\000t\000o\000r}{section.3}% 6
\BOOKMARK [2][-]{subsection.3.2}{\376\377\000I\000n\000c\000r\000e\000m\000e\000n\000t\000a\000l\000\040\000O\000b\000j\000e\000c\000t\000i\000v\000e\000\040\000T\000r\000a\000c\000k\000e\000r\000s}{section.3}% 7
\BOOKMARK [2][-]{subsection.3.3}{\376\377\000M\000a\000i\000n\000\040\000L\000o\000o\000p}{section.3}% 8
\BOOKMARK [1][-]{section.4}{\376\377\000E\000n\000h\000a\000n\000c\000e\000m\000e\000n\000t\000\040\0001\000:\000\040\000G\000r\000e\000e\000d\000y\000\040\000M\000u\000l\000t\000i\000-\000O\000b\000j\000e\000c\000t\000i\000v\000e\000\040\000I\000n\000i\000t\000i\000a\000l\000i\000s\000a\000t\000i\000o\000n}{}% 9
\BOOKMARK [2][-]{subsection.4.1}{\376\377\000M\000o\000t\000i\000v\000a\000t\000i\000o\000n}{section.4}% 10
\BOOKMARK [2][-]{subsection.4.2}{\376\377\000M\000e\000t\000h\000o\000d}{section.4}% 11
\BOOKMARK [2][-]{subsection.4.3}{\376\377\000C\000o\000m\000p\000l\000e\000x\000i\000t\000y}{section.4}% 12
\BOOKMARK [1][-]{section.5}{\376\377\000E\000n\000h\000a\000n\000c\000e\000m\000e\000n\000t\000\040\0002\000:\000\040\000T\000w\000o\000-\000L\000e\000v\000e\000l\000\040\000C\000h\000e\000c\000k\000p\000o\000i\000n\000t\000\040\000M\000e\000c\000h\000a\000n\000i\000s\000m}{}% 13
\BOOKMARK [2][-]{subsection.5.1}{\376\377\000M\000o\000t\000i\000v\000a\000t\000i\000o\000n}{section.5}% 14
\BOOKMARK [2][-]{subsection.5.2}{\376\377\000M\000e\000t\000h\000o\000d}{section.5}% 15
\BOOKMARK [2][-]{subsection.5.3}{\376\377\000P\000s\000e\000u\000d\000o\000c\000o\000d\000e}{section.5}% 16
\BOOKMARK [1][-]{section.6}{\376\377\000E\000n\000h\000a\000n\000c\000e\000m\000e\000n\000t\000\040\0003\000:\000\040\000P\000e\000r\000t\000u\000r\000b\000a\000t\000i\000o\000n\000-\000B\000a\000s\000e\000d\000\040\000R\000e\000s\000t\000a\000r\000t}{}% 17
\BOOKMARK [2][-]{subsection.6.1}{\376\377\000M\000o\000t\000i\000v\000a\000t\000i\000o\000n}{section.6}% 18
\BOOKMARK [2][-]{subsection.6.2}{\376\377\000M\000e\000t\000h\000o\000d}{section.6}% 19
\BOOKMARK [2][-]{subsection.6.3}{\376\377\000I\000n\000t\000e\000g\000r\000a\000t\000i\000o\000n\000\040\000i\000n\000t\000o\000\040\000t\000h\000e\000\040\000M\000a\000i\000n\000\040\000L\000o\000o\000p}{section.6}% 20
\BOOKMARK [1][-]{section.7}{\376\377\000E\000x\000p\000e\000r\000i\000m\000e\000n\000t\000a\000l\000\040\000S\000e\000t\000u\000p}{}% 21
\BOOKMARK [2][-]{subsection.7.1}{\376\377\000I\000n\000s\000t\000a\000n\000c\000e\000s}{section.7}% 22
\BOOKMARK [2][-]{subsection.7.2}{\376\377\000C\000o\000n\000f\000i\000g\000u\000r\000a\000t\000i\000o\000n\000s}{section.7}% 23
\BOOKMARK [2][-]{subsection.7.3}{\376\377\000M\000e\000t\000r\000i\000c\000s}{section.7}% 24
\BOOKMARK [2][-]{subsection.7.4}{\376\377\000I\000m\000p\000l\000e\000m\000e\000n\000t\000a\000t\000i\000o\000n}{section.7}% 25
\BOOKMARK [1][-]{section.8}{\376\377\000R\000e\000s\000u\000l\000t\000s}{}% 26
\BOOKMARK [2][-]{subsection.8.1}{\376\377\000H\000y\000p\000e\000r\000v\000o\000l\000u\000m\000e\000\040\000S\000u\000m\000m\000a\000r\000y}{section.8}% 27
\BOOKMARK [2][-]{subsection.8.2}{\376\377\000H\000y\000p\000e\000r\000v\000o\000l\000u\000m\000e\000-\000O\000v\000e\000r\000-\000T\000i\000m\000e\000\040\000A\000n\000a\000l\000y\000s\000i\000s}{section.8}% 28
\BOOKMARK [2][-]{subsection.8.3}{\376\377\000C\000o\000n\000f\000i\000g\000u\000r\000a\000t\000i\000o\000n\000\040\000C\000o\000m\000p\000a\000r\000i\000s\000o\000n}{section.8}% 29
\BOOKMARK [2][-]{subsection.8.4}{\376\377\000I\000m\000p\000r\000o\000v\000e\000m\000e\000n\000t\000\040\000S\000u\000m\000m\000a\000r\000y}{section.8}% 30
\BOOKMARK [1][-]{section.9}{\376\377\000D\000i\000s\000c\000u\000s\000s\000i\000o\000n}{}% 31
\BOOKMARK [1][-]{section.10}{\376\377\000R\000e\000l\000a\000t\000e\000d\000\040\000W\000o\000r\000k}{}% 32
\BOOKMARK [1][-]{section.11}{\376\377\000C\000o\000n\000c\000l\000u\000s\000i\000o\000n}{}% 33
